2022-01-08 20:42:22 - INFO - User student login.
2022-01-08 20:44:20 - INFO - User student login.
2022-01-08 20:47:45 - INFO - User student login.
2022-01-08 20:48:47 - INFO - User student login.
2022-01-08 20:56:34 - INFO - User responsible training login.
2022-01-08 21:07:25 - INFO - User responsible training login.
2022-01-08 21:08:32 - INFO - Lesson create successfully.
2022-01-08 21:12:36 - INFO - User responsible training login.
2022-01-08 21:15:58 - INFO - User student login.
2022-01-08 21:18:21 - INFO - User student login.
2022-01-08 21:24:14 - INFO - User student login.
2022-01-08 21:24:47 - INFO - User student login.
2022-01-08 21:32:40 - INFO - User student login.
2022-01-08 21:33:12 - INFO - User student login.
2022-01-08 21:45:14 - INFO - User student login.
2022-01-08 21:45:40 - INFO - User student login.
2022-01-08 21:47:36 - INFO - User responsible training login.
2022-01-08 21:49:37 - INFO - User responsible training login.
2022-01-08 21:50:18 - INFO - User student login.
2022-01-08 21:50:41 - INFO - select courses successfully
2022-01-08 22:07:51 - INFO - User responsible training login.
2022-01-08 22:12:51 - INFO - User responsible training login.
2022-01-08 22:13:38 - INFO - Lesson create successfully.
2022-01-08 22:17:55 - INFO - User student login.
2022-01-08 22:20:42 - INFO - User student login.
2022-01-08 22:21:12 - INFO - select courses successfully
2022-01-08 22:26:00 - INFO - User responsible training login.
2022-01-08 22:26:44 - INFO - Responsible training accept courses.
2022-01-08 22:28:44 - INFO - User responsible training login.
2022-01-08 22:30:48 - INFO - User responsible training login.
